<?xml version="1.0" encoding="UTF-8"?>
<testng-results ignored="0" total="1" passed="1" failed="0" skipped="0">
  <reporter-output>
  </reporter-output>
  <suite started-at="2021-02-07T13:27:50 IST" name="Default suite" finished-at="2021-02-07T13:27:53 IST" duration-ms="3210">
    <groups>
    </groups>
    <test started-at="2021-02-07T13:27:50 IST" name="Default test" finished-at="2021-02-07T13:27:53 IST" duration-ms="3210">
      <class name="tests.XMLSchemaValidator">
        <test-method signature="schemavalidation()[pri:0, instance:tests.XMLSchemaValidator@7ff95560]" started-at="2021-02-07T13:27:50 IST" name="schemavalidation" finished-at="2021-02-07T13:27:53 IST" duration-ms="3184" status="PASS">
          <reporter-output>
          </reporter-output>
        </test-method> <!-- schemavalidation -->
      </class> <!-- tests.XMLSchemaValidator -->
    </test> <!-- Default test -->
  </suite> <!-- Default suite -->
</testng-results>
